============================= test session starts ==============================
platform linux -- Python 3.12.3, pytest-9.0.2, pluggy-1.6.0 -- /usr/bin/python3
cachedir: .pytest_cache
rootdir: /root/edict
plugins: cov-7.1.0, anyio-4.13.0
collecting ... collected 57 items

tests/integration/test_full_pipeline.py::TestPDFParsing::test_parse_text_pdf PASSED [  1%]
tests/integration/test_full_pipeline.py::TestPDFParsing::test_knowledge_point_extraction PASSED [  3%]
tests/integration/test_full_pipeline.py::TestPDFParsing::test_parse_result_structure PASSED [  5%]
tests/integration/test_full_pipeline.py::TestLearningPlanGeneration::test_generate_learning_plan PASSED [  7%]
tests/integration/test_full_pipeline.py::TestLearningPlanGeneration::test_learning_plan_modes PASSED [  8%]
tests/integration/test_full_pipeline.py::TestProgressiveTeaching::test_create_teaching_session PASSED [ 10%]
tests/integration/test_full_pipeline.py::TestProgressiveTeaching::test_four_level_explanations PASSED [ 12%]
tests/integration/test_full_pipeline.py::TestProgressiveTeaching::test_level_transition PASSED [ 14%]
tests/integration/test_full_pipeline.py::TestFeynmanAssessment::test_create_feynman_session PASSED [ 15%]
tests/integration/test_full_pipeline.py::TestFeynmanAssessment::test_assess_explanation PASSED [ 17%]
tests/integration/test_full_pipeline.py::TestFeynmanAssessment::test_blind_spot_detection PASSED [ 19%]
tests/integration/test_full_pipeline.py::TestFeynmanAssessment::test_follow_up_questions PASSED [ 21%]
tests/integration/test_full_pipeline.py::TestLearningPrediction::test_record_learning_behavior PASSED [ 22%]
tests/integration/test_full_pipeline.py::TestLearningPrediction::test_predict_mastery PASSED [ 24%]
tests/integration/test_full_pipeline.py::TestLearningPrediction::test_review_recommendation PASSED [ 26%]
tests/integration/test_full_pipeline.py::TestLearningPrediction::test_forgetting_risk PASSED [ 28%]
tests/integration/test_full_pipeline.py::TestFullPipelineIntegration::test_complete_learning_pipeline PASSED [ 29%]
tests/integration/test_full_pipeline.py::TestFullPipelineIntegration::test_pipeline_error_handling PASSED [ 31%]
tests/integration/test_full_pipeline.py::TestPerformanceMetrics::test_response_time PASSED [ 33%]
tests/integration/test_full_pipeline.py::TestPerformanceMetrics::test_data_integrity PASSED [ 35%]
tests/integration/test_prediction_accuracy.py::TestLearningBehaviorSimulation::test_simulate_20_users PASSED [ 36%]
tests/integration/test_prediction_accuracy.py::TestLearningBehaviorSimulation::test_behavior_data_structure PASSED [ 38%]
tests/integration/test_prediction_accuracy.py::TestMasteryPrediction::test_predict_mastery_accuracy PASSED [ 40%]
tests/integration/test_prediction_accuracy.py::TestMasteryPrediction::test_prediction_confidence_correlation PASSED [ 42%]
tests/integration/test_prediction_accuracy.py::TestForgettingRiskAlert::test_forgetting_risk_accuracy PASSED [ 43%]
tests/integration/test_prediction_accuracy.py::TestForgettingRiskAlert::test_alert_level_thresholds PASSED [ 45%]
tests/integration/test_prediction_accuracy.py::TestForgettingRiskAlert::test_alert_message_generation PASSED [ 47%]
tests/integration/test_prediction_accuracy.py::TestReviewRecommendation::test_review_recommendation_adoption PASSED [ 49%]
tests/integration/test_prediction_accuracy.py::TestReviewRecommendation::test_review_type_recommendation PASSED [ 50%]
tests/integration/test_prediction_accuracy.py::TestReviewRecommendation::test_review_time_estimation PASSED [ 52%]
tests/integration/test_prediction_accuracy.py::TestPredictionModelAccuracy::test_overall_prediction_accuracy PASSED [ 54%]
tests/integration/test_prediction_accuracy.py::TestPredictionModelAccuracy::test_feature_importance PASSED [ 56%]
tests/integration/test_prediction_accuracy.py::TestLearningAnalytics::test_analytics_report_generation PASSED [ 57%]
tests/integration/test_prediction_accuracy.py::TestLearningAnalytics::test_analytics_no_data PASSED [ 59%]
tests/integration/test_prediction_accuracy.py::TestEdgeCases::test_empty_behavior_history PASSED [ 61%]
tests/integration/test_prediction_accuracy.py::TestEdgeCases::test_single_behavior PASSED [ 63%]
tests/integration/test_prediction_accuracy.py::TestEdgeCases::test_forgetting_curve_calculation PASSED [ 64%]
tests/integration/test_prediction_accuracy.py::TestEdgeCases::test_optimal_review_interval PASSED [ 66%]
tests/integration/test_prediction_accuracy.py::TestPerformanceMetrics::test_prediction_speed PASSED [ 68%]
tests/integration/test_progressive_feynman.py::TestUserTypeSimulation::test_beginner_user_profile PASSED [ 70%]
tests/integration/test_progressive_feynman.py::TestUserTypeSimulation::test_intermediate_user_profile PASSED [ 71%]
tests/integration/test_progressive_feynman.py::TestUserTypeSimulation::test_advanced_user_profile PASSED [ 73%]
tests/integration/test_progressive_feynman.py::TestDynamicDifficultyAdjustment::test_level_up_threshold PASSED [ 75%]
tests/integration/test_progressive_feynman.py::TestDynamicDifficultyAdjustment::test_level_up_at_80_percent PASSED [ 77%]
tests/integration/test_progressive_feynman.py::TestDynamicDifficultyAdjustment::test_level_down_threshold PASSED [ 78%]
tests/integration/test_progressive_feynman.py::TestDynamicDifficultyAdjustment::test_level_down_at_30_percent PASSED [ 80%]
tests/integration/test_progressive_feynman.py::TestDynamicDifficultyAdjustment::test_no_change_at_medium_level PASSED [ 82%]
tests/integration/test_progressive_feynman.py::TestDynamicDifficultyAdjustment::test_consecutive_level_ups PASSED [ 84%]
tests/integration/test_progressive_feynman.py::TestFeynmanBlindSpotSupplement::test_blind_spot_detection_then_supplement PASSED [ 85%]
tests/integration/test_progressive_feynman.py::TestFeynmanBlindSpotSupplement::test_improvement_after_supplement PASSED [ 87%]
tests/integration/test_progressive_feynman.py::TestFeynmanBlindSpotSupplement::test_socratic_dialogue_effectiveness PASSED [ 89%]
tests/integration/test_progressive_feynman.py::TestProgressiveFeynmanIntegration::test_full_integration_loop PASSED [ 91%]
tests/integration/test_progressive_feynman.py::TestProgressiveFeynmanIntegration::test_three_user_types_complete_flow PASSED [ 92%]
tests/integration/test_progressive_feynman.py::TestEdgeCases::test_level_boundary_75_percent PASSED [ 94%]
tests/integration/test_progressive_feynman.py::TestEdgeCases::test_level_boundary_40_percent PASSED [ 96%]
tests/integration/test_progressive_feynman.py::TestEdgeCases::test_max_level_no_upgrade PASSED [ 98%]
tests/integration/test_progressive_feynman.py::TestEdgeCases::test_min_level_no_downgrade PASSED [100%]

============================== 57 passed in 1.22s ==============================
